<?xml version="1.0" encoding="UTF-8"?>
<testng-results skipped="0" failed="0" ignored="0" total="1" passed="1">
  <reporter-output>
  </reporter-output>
  <suite name="Default suite" duration-ms="7222" started-at="2018-10-14T16:08:10Z" finished-at="2018-10-14T16:08:17Z">
    <groups>
    </groups>
    <test name="Default test" duration-ms="7222" started-at="2018-10-14T16:08:10Z" finished-at="2018-10-14T16:08:17Z">
      <class name="webapp_addressbook.addressbook">
        <test-method status="PASS" signature="launch()[pri:0, instance:webapp_addressbook.addressbook@39c0f4a]" name="launch" is-config="true" duration-ms="5020" started-at="2018-10-14T16:08:10Z" finished-at="2018-10-14T16:08:15Z">
          <reporter-output>
          </reporter-output>
        </test-method> <!-- launch -->
        <test-method status="PASS" signature="Addressbook()[pri:0, instance:webapp_addressbook.addressbook@39c0f4a]" name="Addressbook" duration-ms="1967" started-at="2018-10-14T16:08:15Z" finished-at="2018-10-14T16:08:17Z">
          <reporter-output>
          </reporter-output>
        </test-method> <!-- Addressbook -->
        <test-method status="PASS" signature="close()[pri:0, instance:webapp_addressbook.addressbook@39c0f4a]" name="close" is-config="true" duration-ms="212" started-at="2018-10-14T16:08:17Z" finished-at="2018-10-14T16:08:17Z">
          <reporter-output>
          </reporter-output>
        </test-method> <!-- close -->
      </class> <!-- webapp_addressbook.addressbook -->
    </test> <!-- Default test -->
  </suite> <!-- Default suite -->
</testng-results>
